{
  "RSpec": {
    "coverage": {
      "/app_name/app/models/user.rb": {
        "lines": [
          1,
          1,
          1,
          1,
          null,
          null,
          1,
          null,
          null,
          1,
          2,
          2,
          2,
          2,
          2,
          2,
          2,
          null,
          null,
          null,
          1,
          4,
          null,
          null
        ]
      },
      "/app_name/app/models/application_record.rb": {
        "lines": [
          1,
          1,
          null
        ]
      },
      "/app_name/app/helpers/admin/reviews_helper.rb": {
        "lines": [
          1,
          null
        ]
      },
      "/app_name/app/helpers/admin/users_helper.rb": {
        "lines": [
          1,
          null
        ]
      },
      "/app_name/app/helpers/application_helper.rb": {
        "lines": [
          1,
          1,
          null,
          1,
          null,
          null,
          null,
          null,
          null,
          null,
          null,
          null,
          1,
          null,
          1,
          null,
          null,
          null,
          null,
          null,
          null,
          null,
          null,
          null,
          null,
          1,
          null,
          1,
          null,
          null,
          null,
          null,
          null,
          null,
          null,
          null,
          null,
          null
        ]
      },
      "/app_name/app/helpers/aquariums_helper.rb": {
        "lines": [
          1,
          null
        ]
      },
      "/app_name/app/helpers/like_aquarias_helper.rb": {
        "lines": [
          1,
          null
        ]
      },
      "/app_name/app/helpers/pages_helper.rb": {
        "lines": [
          1,
          null
        ]
      },
      "/app_name/app/helpers/rankings_helper.rb": {
        "lines": [
          1,
          null
        ]
      },
      "/app_name/app/helpers/replies_helper.rb": {
        "lines": [
          1,
          null
        ]
      },
      "/app_name/app/helpers/reviews_helper.rb": {
        "lines": [
          1,
          null
        ]
      },
      "/app_name/app/helpers/top_helper.rb": {
        "lines": [
          1,
          null
        ]
      },
      "/app_name/app/helpers/users_helper.rb": {
        "lines": [
          1,
          null
        ]
      },
      "/app_name/app/models/aquarium.rb": {
        "lines": [
          1,
          1,
          null,
          1,
          1,
          null,
          1,
          null,
          1,
          1,
          null,
          1,
          37,
          null,
          null,
          1,
          37,
          null,
          null
        ]
      },
      "/app_name/app/models/review.rb": {
        "lines": [
          1,
          1,
          1,
          1,
          1,
          1,
          null,
          1,
          1,
          1,
          1,
          null,
          1,
          null,
          1,
          null,
          null,
          1,
          1,
          null,
          null,
          1,
          1,
          null,
          null,
          1,
          1,
          null,
          null,
          1,
          1,
          null,
          null,
          1,
          1,
          null
        ]
      },
      "/app_name/app/uploaders/aquarium_image_uploader.rb": {
        "lines": [
          1,
          1,
          null,
          1,
          1,
          1,
          null,
          1,
          0,
          null,
          null,
          1,
          0,
          null,
          null,
          1,
          0,
          null,
          null
        ]
      },
      "/app_name/app/models/target_audience.rb": {
        "lines": [
          1,
          1,
          null
        ]
      },
      "/app_name/app/models/size_rating.rb": {
        "lines": [
          1,
          1,
          null
        ]
      },
      "/app_name/app/models/highlight.rb": {
        "lines": [
          1,
          1,
          null
        ]
      },
      "/app_name/app/controllers/aquariums_controller.rb": {
        "lines": [
          1,
          null,
          1,
          1,
          null,
          1,
          1,
          null,
          1,
          1,
          1,
          null,
          1,
          null,
          null,
          1,
          2,
          2,
          1,
          1,
          null,
          1,
          1,
          1,
          1,
          null,
          1,
          1,
          1,
          null,
          1,
          null,
          1,
          null,
          null,
          null,
          1,
          0,
          0,
          0,
          null,
          null,
          1,
          0,
          0,
          0,
          null,
          null,
          1,
          2,
          1,
          null,
          1,
          1,
          1,
          1,
          1,
          1,
          null,
          null,
          null,
          1,
          null,
          1,
          2,
          2,
          null,
          null,
          null,
          1,
          0,
          0,
          0,
          0,
          0,
          0,
          null,
          null,
          1,
          1,
          null,
          null,
          1,
          1,
          1,
          1,
          null,
          null,
          1,
          2,
          22,
          null,
          null,
          1,
          1,
          1,
          1,
          1,
          null,
          null
        ]
      },
      "/app_name/app/controllers/application_controller.rb": {
        "lines": [
          1,
          1,
          1,
          null,
          1,
          0,
          null,
          null
        ]
      },
      "/app_name/app/controllers/users_controller.rb": {
        "lines": [
          1,
          1,
          1,
          1,
          null,
          1,
          3,
          null,
          3,
          null,
          3,
          null,
          null,
          1,
          null,
          null,
          null,
          1,
          4,
          2,
          2,
          null,
          0,
          null,
          null,
          null,
          1,
          0,
          0,
          0,
          null,
          null,
          1,
          null,
          1,
          0,
          null,
          null,
          1,
          6,
          12,
          null,
          null,
          1,
          2,
          null,
          null
        ]
      },
      "/app_name/app/models/like_aquarium.rb": {
        "lines": [
          1,
          1,
          1,
          1,
          null
        ]
      },
      "/app_name/app/models/reply.rb": {
        "lines": [
          1,
          1,
          1,
          null,
          1,
          null
        ]
      },
      "/app_name/app/services/aquarium_filter_service.rb": {
        "lines": [
          1,
          1,
          1,
          null,
          null,
          1,
          1,
          null,
          1,
          0,
          1,
          0,
          1,
          0,
          null,
          1,
          null,
          null,
          null
        ]
      },
      "/app_name/app/jobs/generate_aquarium_detail_job.rb": {
        "lines": [
          1,
          1,
          null,
          1,
          0,
          null,
          null,
          null
        ]
      },
      "/app_name/app/jobs/application_job.rb": {
        "lines": [
          1,
          null,
          null,
          null,
          null,
          null,
          null
        ]
      },
      "/app_name/app/services/aquarium_detail_service.rb": {
        "lines": [
          null,
          1,
          1,
          1,
          1,
          null,
          null,
          1,
          1,
          null,
          null,
          null,
          1,
          1,
          null,
          null,
          1,
          1,
          1,
          1,
          null,
          null,
          null
        ]
      },
      "/app_name/app/services/nearby_aquariums_service.rb": {
        "lines": [
          1,
          1,
          1,
          1,
          null,
          null,
          1,
          1,
          null,
          null,
          null,
          null,
          null
        ]
      },
      "/app_name/app/controllers/admin/users_controller.rb": {
        "lines": [
          null,
          1,
          1,
          0,
          null,
          null,
          1,
          1,
          1,
          1,
          null,
          null,
          1,
          0,
          0,
          0,
          null,
          null
        ]
      },
      "/app_name/app/controllers/admin/base_controller.rb": {
        "lines": [
          null,
          1,
          1,
          null,
          1,
          null,
          1,
          2,
          null,
          null
        ]
      },
      "/app_name/app/channels/application_cable/channel.rb": {
        "lines": [
          0,
          0,
          0,
          0
        ],
        "branches": {
        }
      },
      "/app_name/app/channels/application_cable/connection.rb": {
        "lines": [
          0,
          0,
          0,
          0
        ],
        "branches": {
        }
      },
      "/app_name/app/controllers/admin/reviews_controller.rb": {
        "lines": [
          null,
          0,
          0,
          0,
          0,
          null,
          0,
          0,
          0,
          0,
          0,
          0
        ],
        "branches": {
        }
      },
      "/app_name/app/controllers/like_aquarias_controller.rb": {
        "lines": [
          0,
          0,
          null,
          0,
          0,
          null,
          0,
          0,
          0,
          0,
          0,
          0,
          0,
          null,
          0,
          0,
          0,
          0,
          0,
          0
        ],
        "branches": {
        }
      },
      "/app_name/app/controllers/pages_controller.rb": {
        "lines": [
          0,
          0,
          null,
          0,
          0
        ],
        "branches": {
        }
      },
      "/app_name/app/controllers/rankings_controller.rb": {
        "lines": [
          0,
          0,
          null,
          0,
          0,
          0,
          0,
          null,
          0,
          null,
          0,
          0,
          0,
          0,
          0,
          0,
          0,
          null,
          0,
          0,
          0,
          0,
          0,
          0,
          0,
          0
        ],
        "branches": {
        }
      },
      "/app_name/app/controllers/replies_controller.rb": {
        "lines": [
          0,
          0,
          0,
          null,
          0,
          0,
          0,
          null,
          0,
          0,
          0,
          0,
          0,
          0,
          null,
          0,
          null,
          0,
          null,
          0,
          0,
          0,
          0,
          0,
          0,
          0,
          null,
          0,
          0,
          0,
          0,
          0,
          null,
          0,
          null,
          0,
          0,
          0,
          null,
          0,
          0,
          0,
          null,
          0,
          0,
          0,
          0
        ],
        "branches": {
        }
      },
      "/app_name/app/controllers/reviews_controller.rb": {
        "lines": [
          0,
          0,
          0,
          0,
          0,
          null,
          0,
          0,
          0,
          0,
          0,
          0,
          null,
          0,
          0,
          0,
          0,
          null,
          0,
          0,
          0,
          null,
          0,
          null,
          0,
          0,
          0,
          0,
          0,
          null,
          0,
          0,
          0,
          0,
          0,
          0,
          0,
          null,
          0,
          0,
          0,
          null,
          0,
          0,
          null,
          0,
          0,
          0,
          0,
          0,
          null,
          0,
          0,
          0,
          0,
          0,
          0,
          0,
          null,
          0,
          0,
          0,
          0,
          0,
          null,
          0,
          0,
          0,
          0,
          null,
          0,
          null,
          0,
          0,
          0,
          0,
          0,
          null,
          0,
          0,
          0,
          null,
          0,
          0,
          0,
          null,
          0,
          0,
          0,
          null,
          0,
          0,
          0,
          0
        ],
        "branches": {
        }
      },
      "/app_name/app/controllers/top_controller.rb": {
        "lines": [
          0,
          0,
          0
        ],
        "branches": {
        }
      },
      "/app_name/app/controllers/users/confirmations_controller.rb": {
        "lines": [
          null,
          null,
          0,
          null,
          null,
          null,
          null,
          null,
          null,
          null,
          null,
          null,
          null,
          null,
          null,
          null,
          null,
          null,
          null,
          null,
          null,
          null,
          null,
          null,
          null,
          null,
          null,
          null,
          null,
          0
        ],
        "branches": {
        }
      },
      "/app_name/app/controllers/users/omniauth_callbacks_controller.rb": {
        "lines": [
          null,
          null,
          0,
          null,
          null,
          0,
          null,
          0,
          0,
          0,
          null,
          0,
          0,
          0,
          null,
          0,
          0,
          0,
          0,
          0,
          0,
          0,
          0,
          0
        ],
        "branches": {
        }
      },
      "/app_name/app/controllers/users/passwords_controller.rb": {
        "lines": [
          null,
          null,
          0,
          null,
          null,
          null,
          null,
          null,
          null,
          null,
          null,
          null,
          null,
          null,
          null,
          null,
          null,
          null,
          null,
          null,
          null,
          null,
          null,
          null,
          null,
          null,
          null,
          null,
          null,
          null,
          null,
          null,
          null,
          0
        ],
        "branches": {
        }
      },
      "/app_name/app/controllers/users/registrations_controller.rb": {
        "lines": [
          null,
          null,
          0,
          0
        ],
        "branches": {
        }
      },
      "/app_name/app/controllers/users/sessions_controller.rb": {
        "lines": [
          null,
          null,
          0,
          null,
          null,
          null,
          null,
          null,
          null,
          null,
          null,
          null,
          null,
          null,
          null,
          null,
          null,
          null,
          null,
          null,
          null,
          null,
          null,
          null,
          null,
          null,
          0
        ],
        "branches": {
        }
      },
      "/app_name/app/controllers/users/unlocks_controller.rb": {
        "lines": [
          null,
          null,
          0,
          null,
          null,
          null,
          null,
          null,
          null,
          null,
          null,
          null,
          null,
          null,
          null,
          null,
          null,
          null,
          null,
          null,
          null,
          null,
          null,
          null,
          null,
          null,
          null,
          null,
          null,
          0
        ],
        "branches": {
        }
      },
      "/app_name/app/mailers/application_mailer.rb": {
        "lines": [
          0,
          0,
          0,
          0
        ],
        "branches": {
        }
      }
    },
    "timestamp": 1726972925
  }
}
